A D/Implementation////
A D/apollo_m68k////
A D/clix////
A D/convex////
A D/decstation////
A D/djgpp////
A D/duns////
A D/freebsd////
A D/isc////
A D/mips////
A D/netbsd////
A D/next////
A D/osf////
A D/ptx////
A D/rs6000////
A D/sco////
A D/sgi////
A D/snake////
A D/solaris2////
A D/sun3////
A D/sun4////
A D/svr4////
A D/umaxv-m88k////
A D/unix////
A D/unix_x////
A D/vax_ultrix////
A D/vms////
R D/vax_ultrix////
R D/unix_x////
R D/unix////
R D/umaxv-m88k////
R D/svr4////
R D/sun4////
R D/sun3////
R D/solaris2////
R D/snake////
R D/sgi////
R D/sco////
R D/rs6000////
R D/ptx////
R D/osf////
R D/next////
R D/netbsd////
R D/mips////
R D/isc////
R D/freebsd////
R D/duns////
R D/decstation////
R D/convex////
R D/clix////
R D/apollo_m68k////
