A D/ancontrol////
A D/atactl////
A D/badsect////
A D/bim////
A D/bioctl////
A D/brconfig////
A D/ccdconfig////
A D/clri////
A D/config_slot////
A D/dhclient////
A D/disklabel////
A D/dmesg////
A D/dump////
A D/dumpfs////
A D/dumplfs////
A D/edlabel////
A D/fastboot////
A D/fdisk////
A D/fsck////
A D/fsck_ext2fs////
A D/fsck_ffs////
A D/fsck_msdos////
A D/fsck_vnd////
A D/fsdb////
A D/fsirand////
A D/growfs////
A D/ifconfig////
A D/iked////
A D/init////
A D/iopctl////
A D/ipf////
A D/ipfstat////
A D/ipnat////
A D/ipsec////
A D/ipsecadm////
A D/ipsecctl////
A D/ipwcontrol////
A D/isakmpd////
A D/iwicontrol////
A D/kbd////
A D/ldattach////
A D/lmccontrol////
A D/lmcctl////
A D/md5////
A D/mknod////
A D/modload////
A D/modunload////
A D/mount////
A D/mount_ados////
A D/mount_cd9660////
A D/mount_ext2fs////
A D/mount_fdesc////
A D/mount_ffs////
A D/mount_kernfs////
A D/mount_lfs////
A D/mount_msdos////
A D/mount_nfs////
A D/mount_nnpfs////
A D/mount_ntfs////
A D/mount_null////
A D/mount_portal////
A D/mount_procfs////
A D/mount_tcfs////
A D/mount_tmpfs////
A D/mount_udf////
A D/mount_umap////
A D/mount_union////
A D/mount_vnd////
A D/mount_xfs////
A D/mountd////
A D/ncheck_ffs////
A D/newfs////
A D/newfs_ext2fs////
A D/newfs_msdos////
A D/newlfs////
A D/nfsd////
A D/nfsiod////
A D/nmeaattach////
A D/nologin////
A D/pcmcia_cntrl////
A D/pdisk////
A D/pfctl////
A D/pflogd////
A D/pfm////
A D/photurisd////
A D/ping////
A D/ping6////
A D/quotacheck////
A D/raidctl////
A D/rdisc////
A D/reboot////
A D/restore////
A D/route////
A D/routed////
A D/rtsol////
A D/savecore////
A D/savecore.old////
A D/scan_ffs////
A D/scsi////
A D/shutdown////
A D/slattach////
A D/spppcontrol////
A D/startkey////
A D/swapctl////
A D/swapon////
A D/sysctl////
A D/ttyflags////
A D/tunefs////
A D/umount////
A D/wdogctl////
A D/wicontrol////
A D/wpa-psk////
A D/wsconsctl////
R D/wpa-psk////
R D/wicontrol////
R D/wdogctl////
R D/swapon////
R D/startkey////
R D/spppcontrol////
R D/savecore.old////
R D/routed////
R D/rdisc////
R D/raidctl////
R D/photurisd////
R D/pfm////
R D/pcmcia_cntrl////
R D/nmeaattach////
R D/nfsiod////
R D/newlfs////
R D/mount_xfs////
R D/mount_union////
R D/mount_umap////
R D/mount_tcfs////
R D/mount_portal////
R D/mount_null////
R D/mount_nnpfs////
R D/mount_lfs////
R D/mount_kernfs////
R D/mount_fdesc////
R D/mount_ados////
R D/md5////
R D/lmcctl////
R D/iwicontrol////
R D/ipwcontrol////
R D/ipsecadm////
R D/ipsec////
R D/ipnat////
R D/ipfstat////
R D/ipf////
R D/fsck_vnd////
R D/fastboot////
R D/edlabel////
R D/dumplfs////
R D/config_slot////
R D/ccdconfig////
R D/brconfig////
R D/bim////
R D/ancontrol////
