A D/45////
A D/asn1////
A D/gssapi////
A D/hdb////
A D/kadm5clnt////
A D/kadm5srv////
A D/kafs////
A D/krb5////
A D/libasn1////
A D/libcom_err////
A D/libgssapi////
A D/libhdb////
A D/libheimbase////
A D/libheimipcc////
A D/libheimipcs////
A D/libheimntlm////
A D/libhx509////
A D/libkadm5clnt////
A D/libkadm5srv////
A D/libkafs////
A D/libkafs5////
A D/libkdc////
A D/libkrb5////
A D/libroken////
A D/libsl////
A D/libvers////
A D/libwind////
A D/roken////
R D/roken////
R D/libkafs////
R D/libhx509////
R D/libheimntlm////
R D/krb5////
R D/kafs////
R D/kadm5srv////
R D/kadm5clnt////
R D/hdb////
R D/gssapi////
R D/asn1////
R D/45////
