A D/atrun////
A D/comsat////
A D/fingerd////
A D/ftp-proxy////
A D/ftpd////
A D/getNAME////
A D/getty////
A D/identd////
A D/ld.so////
A D/lfs_cleanerd////
A D/lockspool////
A D/login_chpass////
A D/login_kerberos////
A D/login_krb-or-pwd////
A D/login_krb4////
A D/login_krb4-or-pwd////
A D/login_krb5////
A D/login_krb5-or-pwd////
A D/login_lchpass////
A D/login_passwd////
A D/login_radius////
A D/login_reject////
A D/login_skey////
A D/login_tis////
A D/login_token////
A D/login_yubikey////
A D/mail.local////
A D/makekey////
A D/makewhatis////
A D/popa3d////
A D/rexecd////
A D/rlogind////
A D/rpc.lockd////
A D/rpc.rquotad////
A D/rpc.rstatd////
A D/rpc.rusersd////
A D/rpc.rwalld////
A D/rpc.sprayd////
A D/rpc.yppasswdd////
A D/rshd////
A D/security////
A D/smtpd////
A D/spamd////
A D/spamd-setup////
A D/spamlogd////
A D/talkd////
A D/tcpd////
A D/telnetd////
A D/tftp-proxy////
A D/tftpd////
A D/uucpd////
R D/tftpd////
R D/tftp-proxy////
R D/telnetd////
R D/smtpd////
R D/rpc.lockd////
R D/rlogind////
R D/rexecd////
R D/popa3d////
R D/makekey////
R D/login_krb4-or-pwd////
R D/login_krb4////
R D/login_krb-or-pwd////
R D/login_kerberos////
R D/lfs_cleanerd////
R D/getNAME////
R D/ftp-proxy////
R D/atrun////
