A D/MacOS////
A D/Netware////
A D/VMS////
A D/apps////
A D/bugs////
A D/certs////
A D/crypto////
A D/demos////
A D/dep////
A D/doc////
A D/engines////
A D/fips////
A D/fips-1.0////
A D/include////
A D/ms////
A D/mt////
A D/os2////
A D/out////
A D/perl////
A D/rsaref////
A D/sf////
A D/shlib////
A D/ssl////
A D/test////
A D/times////
A D/tmp////
A D/tools////
A D/util////
R D/tmp////
R D/sf////
R D/rsaref////
R D/perl////
R D/out////
R D/mt////
R D/include////
R D/fips-1.0////
R D/fips////
R D/dep////
