A D/alpha////
A D/amd64////
A D/amiga////
A D/arc////
A D/arm////
A D/arm32////
A D/armish////
A D/armv7////
A D/atari////
A D/aviion////
A D/beagle////
A D/cats////
A D/gumstix////
A D/hp300////
A D/hppa////
A D/hppa64////
A D/i386////
A D/ia64////
A D/kbus////
A D/landisk////
A D/loongson////
A D/luna88k////
A D/m68k////
A D/m88k////
A D/mac68k////
A D/macppc////
A D/mips////
A D/mips64////
A D/moko////
A D/mvme68k////
A D/mvme88k////
A D/mvmeppc////
A D/octeon////
A D/palm////
A D/pc532////
A D/pegasos////
A D/pica////
A D/pmax////
A D/powerpc////
A D/sgi////
A D/sh////
A D/socppc////
A D/solbourne////
A D/sparc////
A D/sparc64////
A D/sun3////
A D/vax////
A D/wgrisc////
A D/zaurus////
R D/wgrisc////
R D/sun3////
R D/pmax////
R D/pica////
R D/pegasos////
R D/pc532////
R D/palm////
R D/mvmeppc////
R D/moko////
R D/mips////
R D/mac68k////
R D/kbus////
R D/gumstix////
R D/cats////
R D/atari////
R D/armv7////
R D/arm32////
R D/arc////
R D/amiga////
