A D/apply////
A D/apropos////
A D/ar////
A D/arch////
A D/asa////
A D/asn1_compile////
A D/at////
A D/aucat////
A D/audioctl////
A D/awk////
A D/banner////
A D/basename////
A D/bc////
A D/bdes////
A D/bgplg////
A D/biff////
A D/cal////
A D/calendar////
A D/cap_mkdb////
A D/cdio////
A D/checknr////
A D/chflags////
A D/chpass////
A D/cksum////
A D/cmp////
A D/col////
A D/colcrt////
A D/colrm////
A D/column////
A D/comm////
A D/compile_et////
A D/compress////
A D/cpp////
A D/crontab////
A D/csplit////
A D/ctags////
A D/cu////
A D/cut////
A D/cvs////
A D/dc////
A D/deroff////
A D/diff////
A D/diff3////
A D/dirname////
A D/du////
A D/elf2aout////
A D/elf2ecoff////
A D/elf2olf////
A D/encrypt////
A D/env////
A D/error////
A D/expand////
A D/false////
A D/fdeject////
A D/fgen////
A D/file////
A D/file2c////
A D/find////
A D/finger////
A D/fmt////
A D/fold////
A D/fpr////
A D/from////
A D/fsplit////
A D/fstat////
A D/ftp////
A D/gcore////
A D/gencat////
A D/getcap////
A D/getconf////
A D/getent////
A D/getopt////
A D/gprof////
A D/grep////
A D/gzsig////
A D/head////
A D/hexdump////
A D/id////
A D/indent////
A D/info_mkdb////
A D/infocmp////
A D/ipcrm////
A D/ipcs////
A D/join////
A D/jot////
A D/kdump////
A D/keynote////
A D/keynote-keygen////
A D/keynote-sign////
A D/keynote-sigver////
A D/keynote-verify////
A D/ktrace////
A D/lam////
A D/last////
A D/lastcomm////
A D/learn////
A D/leave////
A D/less////
A D/lex////
A D/libtool////
A D/lndir////
A D/locale////
A D/locate////
A D/lock////
A D/logger////
A D/login////
A D/logname////
A D/look////
A D/lorder////
A D/m4////
A D/machine////
A D/mail////
A D/make////
A D/man////
A D/mandoc////
A D/mesg////
A D/mg////
A D/midiplay////
A D/mixerctl////
A D/mk_cmds////
A D/mkdep////
A D/mkfifo////
A D/mklocale////
A D/mkstr////
A D/mktemp////
A D/modstat////
A D/more////
A D/msgs////
A D/nc////
A D/netstat////
A D/newsyslog////
A D/nfsstat////
A D/nice////
A D/nl////
A D/nm////
A D/nohup////
A D/oldrdist////
A D/pagesize////
A D/passwd////
A D/paste////
A D/patch////
A D/pcc////
A D/pctr////
A D/pctrctl////
A D/pkg-config////
A D/pkill////
A D/pmdb////
A D/pnpinfo////
A D/pr////
A D/printenv////
A D/printf////
A D/quota////
A D/radioctl////
A D/ranlib////
A D/rcs////
A D/rdist////
A D/rdistd////
A D/readlink////
A D/renice////
A D/rev////
A D/rlogin////
A D/rpcgen////
A D/rpcinfo////
A D/rs////
A D/rsh////
A D/rup////
A D/ruptime////
A D/rusers////
A D/rwall////
A D/rwho////
A D/script////
A D/sdiff////
A D/sectok////
A D/sed////
A D/sendbug////
A D/shar////
A D/showmount////
A D/signify////
A D/size////
A D/skey////
A D/skeyaudit////
A D/skeyinfo////
A D/skeyinit////
A D/sndiod////
A D/soelim////
A D/sort////
A D/spell////
A D/split////
A D/sqlite3////
A D/ssh////
A D/stat////
A D/strings////
A D/strip////
A D/su////
A D/sudo////
A D/sup////
A D/systat////
A D/tail////
A D/talk////
A D/tcfs////
A D/tcopy////
A D/tcpbench////
A D/tee////
A D/telnet////
A D/tftp////
A D/tic////
A D/time////
A D/tip////
A D/tmux////
A D/tn3270////
A D/top////
A D/touch////
A D/tput////
A D/tr////
A D/true////
A D/tset////
A D/tsort////
A D/tty////
A D/tunerctl////
A D/ul////
A D/uname////
A D/unexpand////
A D/unifdef////
A D/uniq////
A D/units////
A D/unvis////
A D/usbhidaction////
A D/usbhidctl////
A D/users////
A D/uudecode////
A D/uuencode////
A D/vacation////
A D/vgrind////
A D/vi////
A D/vim////
A D/vis////
A D/vmstat////
A D/w////
A D/wall////
A D/wc////
A D/what////
A D/whatis////
A D/whereis////
A D/which////
A D/who////
A D/whois////
A D/window////
A D/write////
A D/x99token////
A D/xargs////
A D/xinstall////
A D/xlint////
A D/xstr////
A D/yacc////
A D/yes////
A D/ypcat////
A D/ypmatch////
A D/ypwhich////
R D/xlint////
R D/window////
R D/whereis////
R D/vim////
R D/vgrind////
R D/tunerctl////
R D/tn3270////
R D/tcfs////
R D/sup////
R D/strip////
R D/strings////
R D/soelim////
R D/size////
R D/signify////
R D/sectok////
R D/rlogin////
R D/ranlib////
R D/pnpinfo////
R D/pmdb////
R D/pctrctl////
R D/pcc////
R D/nl////
R D/msgs////
R D/more////
R D/mkfifo////
R D/mk_cmds////
R D/machine////
R D/learn////
R D/keynote-verify////
R D/keynote-sigver////
R D/keynote-sign////
R D/keynote-keygen////
R D/info_mkdb////
R D/gcore////
R D/fpr////
R D/fdeject////
R D/error////
R D/elf2olf////
R D/elf2ecoff////
R D/elf2aout////
R D/compile_et////
R D/colcrt////
R D/cksum////
R D/chflags////
R D/checknr////
R D/asn1_compile////
R D/ar////
