A D/man4.alpha////
A D/man4.amd64////
A D/man4.amiga////
A D/man4.arc////
A D/man4.arm32////
A D/man4.armish////
A D/man4.armv7////
A D/man4.atari////
A D/man4.aviion////
A D/man4.beagle////
A D/man4.cats////
A D/man4.hp300////
A D/man4.hppa////
A D/man4.hppa64////
A D/man4.i386////
A D/man4.landisk////
A D/man4.loongson////
A D/man4.luna88k////
A D/man4.mac68k////
A D/man4.macppc////
A D/man4.mvme68k////
A D/man4.mvme88k////
A D/man4.octeon////
A D/man4.palm////
A D/man4.pc532////
A D/man4.pegasos////
A D/man4.pmax////
A D/man4.powerpc////
A D/man4.sgi////
A D/man4.socppc////
A D/man4.sparc////
A D/man4.sparc64////
A D/man4.sun3////
A D/man4.tahoe////
A D/man4.vax////
A D/man4.zaurus////
R D/man4.tahoe////
R D/man4.sun3////
R D/man4.powerpc////
R D/man4.pmax////
R D/man4.pegasos////
R D/man4.pc532////
R D/man4.palm////
R D/man4.octeon////
R D/man4.mac68k////
R D/man4.cats////
R D/man4.atari////
R D/man4.armv7////
R D/man4.arm32////
R D/man4.arc////
R D/man4.amiga////
