A D/Archive-Extract////
A D/Archive-Tar////
A D/AutoLoader////
A D/B-Debug////
A D/B-Lint////
A D/CGI////
A D/CPAN////
A D/CPAN-Meta////
A D/CPAN-Meta-YAML////
A D/CPANPLUS////
A D/CPANPLUS-Dist-Build////
A D/Class-ISA////
A D/Compress-Raw-Bzip2////
A D/Compress-Raw-Zlib////
A D/Cwd////
A D/DB_File////
A D/Devel-PPPort////
A D/Digest////
A D/Digest-MD5////
A D/Digest-SHA////
A D/Encode////
A D/ExtUtils-CBuilder////
A D/ExtUtils-Command////
A D/ExtUtils-Constant////
A D/ExtUtils-MakeMaker////
A D/ExtUtils-Manifest////
A D/ExtUtils-ParseXS////
A D/File-Fetch////
A D/File-Path////
A D/File-Temp////
A D/Filter-Util-Call////
A D/Getopt-Long////
A D/HTTP-Tiny////
A D/IO-Compress////
A D/IO-Zlib////
A D/IPC-Cmd////
A D/IPC-SysV////
A D/JSON-PP////
A D/List-Util////
A D/Locale-Codes////
A D/Locale-Maketext-Simple////
A D/Log-Message////
A D/Log-Message-Simple////
A D/MIME-Base64////
A D/Math-BigInt////
A D/Math-BigInt-FastCalc////
A D/Math-BigRat////
A D/Math-Complex////
A D/Memoize////
A D/Module-Build////
A D/Module-Load////
A D/Module-Load-Conditional////
A D/Module-Loaded////
A D/Module-Metadata////
A D/Module-Pluggable////
A D/NEXT////
A D/Object-Accessor////
A D/OpenBSD-MkTemp////
A D/Package-Constants////
A D/Params-Check////
A D/Parse-CPAN-Meta////
A D/Perl-OSType////
A D/PerlIO-via-QuotedPrint////
A D/Pod-Escapes////
A D/Pod-LaTeX////
A D/Pod-Parser////
A D/Pod-Perldoc////
A D/Pod-Simple////
A D/Shell////
A D/Socket////
A D/Sys-Syslog////
A D/Term-ANSIColor////
A D/Term-Cap////
A D/Term-UI////
A D/Test////
A D/Test-Harness////
A D/Test-Simple////
A D/Text-Balanced////
A D/Text-ParseWords////
A D/Text-Soundex////
A D/Text-Tabs////
A D/Tie-File////
A D/Tie-RefHash////
A D/Time-HiRes////
A D/Time-Local////
A D/Time-Piece////
A D/Unicode-Collate////
A D/Unicode-Normalize////
A D/Version-Requirements////
A D/Win32////
A D/Win32API-File////
A D/autodie////
A D/bignum////
A D/encoding-warnings////
A D/if////
A D/libnet////
A D/parent////
A D/perlfaq////
A D/podlators////
R D/if////
R D/bignum////
R D/Tie-File////
R D/Shell////
R D/Math-BigRat////
R D/Math-BigInt-FastCalc////
R D/Math-BigInt////
R D/ExtUtils-ParseXS////
R D/ExtUtils-Manifest////
R D/ExtUtils-Command////
R D/ExtUtils-CBuilder////
R D/Cwd////
R D/Class-ISA////
R D/B-Lint////
