A D/arch////
A D/ccdconfig////
A D/chroot////
A D/date////
A D/dd////
A D/dhclient////
A D/disknames////
A D/dmesg////
A D/ed////
A D/ftp////
A D/grep////
A D/gzip////
A D/ifconfig////
A D/init////
A D/installboot////
A D/kbd////
A D/less////
A D/libstubs////
A D/md5////
A D/mkuboot////
A D/more////
A D/mt////
A D/newfs////
A D/pax////
A D/ping////
A D/pppd////
A D/restore////
A D/rsh////
A D/sed////
A D/sha256////
A D/signify////
A D/sysctl////
A D/ztsscale////
R D/ztsscale////
R D/signify////
R D/rsh////
R D/pppd////
R D/pax////
R D/mkuboot////
R D/md5////
R D/installboot////
R D/disknames////
R D/ccdconfig////
R D/arch////
