A D/ac////
A D/accton////
A D/acpid////
A D/acpidump////
A D/acpiscan////
A D/adduser////
A D/afs////
A D/altq////
A D/altqd////
A D/amd////
A D/apm////
A D/apmd////
A D/arp////
A D/authpf////
A D/bad144////
A D/bgpctl////
A D/bgpd////
A D/bind////
A D/bootpd////
A D/bootpef////
A D/bootpgw////
A D/bootptest////
A D/brconfig////
A D/btctl////
A D/btd////
A D/catman////
A D/chown////
A D/chroot////
A D/config////
A D/config.old////
A D/cron////
A D/crunchgen////
A D/ctm////
A D/dbsym////
A D/dev_mkdb////
A D/dhcp////
A D/dhcpd////
A D/dhcrelay////
A D/diskpart////
A D/dvmrpctl////
A D/dvmrpd////
A D/edquota////
A D/eeprom////
A D/extattrctl////
A D/faithd////
A D/fdformat////
A D/ftp-proxy////
A D/fw_update////
A D/getextattr////
A D/gettable////
A D/gifconfig////
A D/gpioctl////
A D/grfconfig////
A D/grfinfo////
A D/gspa////
A D/hilinfo////
A D/hostapd////
A D/hostatectl////
A D/hostated////
A D/hoststatectl////
A D/hoststated////
A D/hotplugd////
A D/htable////
A D/httpd////
A D/identd////
A D/ifmcstat////
A D/ifstated////
A D/ikectl////
A D/inetd////
A D/installboot////
A D/iostat////
A D/ipfs////
A D/ipftest////
A D/ipmon////
A D/ipsend////
A D/iscsictl////
A D/iscsid////
A D/iteconfig////
A D/kgmon////
A D/kvm_mkdb////
A D/ldapctl////
A D/ldapd////
A D/ldomctl////
A D/ldomd////
A D/ldpctl////
A D/ldpd////
A D/lpr////
A D/mailwrapper////
A D/makedbm////
A D/map-mbone////
A D/memconfig////
A D/mksuncd////
A D/mkuboot////
A D/mopd////
A D/moused////
A D/mrinfo////
A D/mrouted////
A D/mtrace////
A D/mtree////
A D/named////
A D/ndp////
A D/netgroup_mkdb////
A D/nginx////
A D/npppctl////
A D/npppd////
A D/nsd////
A D/ntpd////
A D/openssl////
A D/ospf6ctl////
A D/ospf6d////
A D/ospfctl////
A D/ospfd////
A D/pccon////
A D/pcidump////
A D/pcmciad////
A D/pfm////
A D/pkg////
A D/pkg_add////
A D/pkg_install////
A D/popa3d////
A D/portmap////
A D/ppp////
A D/pppctl////
A D/pppd////
A D/pppoe////
A D/procmap////
A D/pstat////
A D/pvcbridge////
A D/pvcsif////
A D/pvctxctl////
A D/pwd_mkdb////
A D/quot////
A D/quotaon////
A D/rarpd////
A D/rbootd////
A D/rdate////
A D/rdconfig////
A D/relayctl////
A D/relayd////
A D/repquota////
A D/rip6query////
A D/ripctl////
A D/ripd////
A D/rmt////
A D/route6d////
A D/rpc.bootparamd////
A D/rpc.lockd////
A D/rpc.pcnfsd////
A D/rpc.statd////
A D/rtadvd////
A D/rtsold////
A D/rwhod////
A D/sa////
A D/sasyncd////
A D/screenblank////
A D/sdio////
A D/sendmail////
A D/sensorsd////
A D/sesd////
A D/setextattr////
A D/sliplogin////
A D/slowcgi////
A D/slstats////
A D/smtpd////
A D/snmpctl////
A D/snmpd////
A D/spamdb////
A D/spppcontrol////
A D/spray////
A D/ssio////
A D/ssleay////
A D/stdhosts////
A D/sysctl////
A D/syslogc////
A D/syslogd////
A D/sysmerge////
A D/tcpdrop////
A D/tcpdump////
A D/tftp-proxy////
A D/tftpd////
A D/timed////
A D/tokenadm////
A D/tokeninit////
A D/traceroute////
A D/traceroute6////
A D/trpt////
A D/trsp////
A D/unbound////
A D/update////
A D/usbdevs////
A D/user////
A D/videomode////
A D/vipw////
A D/vnconfig////
A D/wake////
A D/watchdogd////
A D/wsconscfg////
A D/wsfontload////
A D/wsmoused////
A D/ypbind////
A D/ypldap////
A D/yppoll////
A D/ypserv////
A D/ypset////
A D/zdump////
A D/zic////
A D/ztsscale////
R D/wake////
R D/vnconfig////
R D/videomode////
R D/update////
R D/trsp////
R D/timed////
R D/sysctl////
R D/stdhosts////
R D/ssleay////
R D/ssio////
R D/spppcontrol////
R D/setextattr////
R D/sesd////
R D/sendmail////
R D/screenblank////
R D/rpc.pcnfsd////
R D/rdconfig////
R D/pvctxctl////
R D/pvcsif////
R D/pvcbridge////
R D/pppctl////
R D/pkg_install////
R D/pkg////
R D/pfm////
R D/pcmciad////
R D/pccon////
R D/named////
R D/moused////
R D/makedbm////
R D/iteconfig////
R D/ipsend////
R D/ipmon////
R D/ipftest////
R D/ipfs////
R D/installboot////
R D/ifmcstat////
R D/htable////
R D/hoststated////
R D/hoststatectl////
R D/hostated////
R D/hostatectl////
R D/hilinfo////
R D/gspa////
R D/grfinfo////
R D/grfconfig////
R D/gifconfig////
R D/gettable////
R D/getextattr////
R D/faithd////
R D/extattrctl////
R D/diskpart////
R D/dhcp////
R D/dbsym////
R D/ctm////
R D/config.old////
R D/chown////
R D/catman////
R D/btd////
R D/btctl////
R D/brconfig////
R D/bootptest////
R D/bootpgw////
R D/bootpef////
R D/bootpd////
R D/bad144////
R D/altqd////
R D/altq////
R D/afs////
R D/acpiscan////
R D/acpid////
