A D/__syscall////
A D/accept////
A D/dev////
A D/dup2////
A D/dup2_self////
A D/exec_self////
A D/execve////
A D/exit////
A D/extent////
A D/fchdir////
A D/fcntl_dup////
A D/flock////
A D/getpeereid////
A D/getrusage////
A D/gettimeofday////
A D/itimer////
A D/kqueue////
A D/main-thread-exited////
A D/mbuf////
A D/minherit////
A D/mmap////
A D/mmap-fail////
A D/mmap2////
A D/mmap3////
A D/mquery////
A D/nanosleep////
A D/noexec////
A D/nxbss////
A D/nxheap////
A D/nxheap-mprotect////
A D/nxstack////
A D/nxstack-mprotect////
A D/pread////
A D/preadv////
A D/ptmget////
A D/ptrace////
A D/pty////
A D/pwrite////
A D/pwritev////
A D/rcvtimeo////
A D/rfork////
A D/rlimit-file////
A D/sig-stop////
A D/signal////
A D/signal-stress////
A D/sigpending////
A D/sigprof////
A D/sigsuspend////
A D/sosplice////
A D/splice////
A D/stackjmp////
A D/syscall////
A D/sysvmsg////
A D/sysvsem////
A D/sysvshm////
A D/unalign////
A D/unfdpass////
A D/unixsock////
A D/wait////
R D/splice////
R D/sigprof////
R D/rfork////
R D/nxstack-mprotect////
R D/nxstack////
R D/nxheap-mprotect////
R D/nxheap////
R D/nxbss////
R D/dev////
