A D/afs////
A D/amd////
A D/bind////
A D/etc.alpha////
A D/etc.amd64////
A D/etc.amiga////
A D/etc.arc////
A D/etc.arm32////
A D/etc.armish////
A D/etc.armv7////
A D/etc.atari////
A D/etc.aviion////
A D/etc.beagle////
A D/etc.cats////
A D/etc.hp300////
A D/etc.hppa////
A D/etc.hppa64////
A D/etc.i386////
A D/etc.landisk////
A D/etc.loongson////
A D/etc.luna88k////
A D/etc.mac68k////
A D/etc.macppc////
A D/etc.mvme68k////
A D/etc.mvme88k////
A D/etc.mvmeppc////
A D/etc.octeon////
A D/etc.palm////
A D/etc.pc532////
A D/etc.pegasos////
A D/etc.pica////
A D/etc.pmax////
A D/etc.powerpc////
A D/etc.sgi////
A D/etc.socppc////
A D/etc.sparc////
A D/etc.sparc64////
A D/etc.sun3////
A D/etc.svr4////
A D/etc.vax////
A D/etc.wgrisc////
A D/etc.x68k////
A D/etc.zaurus////
A D/kerberosIV////
A D/kerberosV////
A D/mail////
A D/mtree////
A D/namedb////
A D/nginx////
A D/photuris////
A D/ppp////
A D/rc.d////
A D/root////
A D/signify////
A D/skel////
A D/systrace////
R D/signify////
R D/photuris////
R D/nginx////
R D/namedb////
R D/kerberosIV////
R D/etc.x68k////
R D/etc.wgrisc////
R D/etc.svr4////
R D/etc.sun3////
R D/etc.powerpc////
R D/etc.pmax////
R D/etc.pica////
R D/etc.pegasos////
R D/etc.pc532////
R D/etc.palm////
R D/etc.mvmeppc////
R D/etc.mac68k////
R D/etc.cats////
R D/etc.atari////
R D/etc.armv7////
R D/etc.arm32////
R D/etc.arc////
R D/etc.amiga////
R D/afs////
