A D/Ad////
A D/An////
A D/Ap////
A D/Aq////
A D/Ar////
A D/At////
A D/Bd////
A D/Bf////
A D/Bk////
A D/Bl////
A D/Brq////
A D/Bx////
A D/Cd////
A D/Cm////
A D/D1////
A D/Dl////
A D/Dq////
A D/Dv////
A D/Em////
A D/Eo////
A D/Er////
A D/Ev////
A D/Fd////
A D/Fl////
A D/Fo////
A D/Ft////
A D/Ic////
A D/In////
A D/Lb////
A D/Li////
A D/Lk////
A D/Ms////
A D/Mt////
A D/Nd////
A D/Nm////
A D/No////
A D/Ns////
A D/Oo////
A D/Op////
A D/Ox////
A D/Pa////
A D/Pf////
A D/Pp////
A D/Qq////
A D/Rs////
A D/Sm////
A D/Sq////
A D/St////
A D/Sx////
A D/Sy////
A D/Tn////
A D/Ux////
A D/Va////
A D/Vt////
A D/Xr////
A D/blank////
