A D/_setjmp////
A D/alloca////
A D/arch////
A D/asr////
A D/atexit////
A D/basename////
A D/cephes////
A D/cxa-atexit////
A D/db////
A D/dirname////
A D/env////
A D/fmemopen////
A D/fnmatch////
A D/fpclassify////
A D/gcvt////
A D/getaddrinfo////
A D/getcap////
A D/getopt_long////
A D/glob////
A D/hsearch////
A D/ieeefp////
A D/locale////
A D/longjmp////
A D/malloc////
A D/mkstemp////
A D/netdb////
A D/open_memstream////
A D/orientation////
A D/popen////
A D/printf////
A D/regex////
A D/setjmp////
A D/setjmp-fpu////
A D/setjmp-signal////
A D/sigreturn////
A D/sigsetjmp////
A D/sleep////
A D/sprintf////
A D/stdio_threading////
A D/stpncpy////
A D/strerror////
A D/strnlen////
A D/strtod////
A D/strtol////
A D/strtonum////
A D/telldir////
A D/time////
A D/vis////
A D/wprintf////
R D/setjmp-fpu////
