A D/AHex////
A D/Age////
A D/Alpha////
A D/Bc////
A D/BidiC////
A D/BidiM////
A D/Blk////
A D/CE////
A D/CI////
A D/CWCF////
A D/CWCM////
A D/CWKCF////
A D/CWL////
A D/CWT////
A D/CWU////
A D/Cased////
A D/Ccc////
A D/CompEx////
A D/DI////
A D/Dash////
A D/Dep////
A D/Dia////
A D/Dt////
A D/Ea////
A D/Ext////
A D/GCB////
A D/Gc////
A D/GrBase////
A D/GrExt////
A D/Hex////
A D/Hst////
A D/Hyphen////
A D/IDC////
A D/IDS////
A D/IDSB////
A D/IDST////
A D/Ideo////
A D/In////
A D/Jg////
A D/JoinC////
A D/Jt////
A D/LOE////
A D/Lb////
A D/Lower////
A D/Math////
A D/NChar////
A D/NFCQC////
A D/NFDQC////
A D/NFKCQC////
A D/NFKDQC////
A D/Nt////
A D/Nv////
A D/OAlpha////
A D/ODI////
A D/OGrExt////
A D/OIDC////
A D/OIDS////
A D/OLower////
A D/OMath////
A D/OUpper////
A D/PatSyn////
A D/PatWS////
A D/Perl////
A D/QMark////
A D/Radical////
A D/SB////
A D/SD////
A D/STerm////
A D/Sc////
A D/Scx////
A D/Space////
A D/Term////
A D/UIdeo////
A D/Upper////
A D/VS////
A D/WB////
A D/XIDC////
A D/XIDS////
A D/bc////
A D/ccc////
A D/dt////
A D/ea////
A D/gc_sc////
A D/hst////
A D/jt////
A D/lb////
A D/nt////
R D/nt////
R D/lb////
R D/jt////
R D/hst////
R D/gc_sc////
R D/ea////
R D/dt////
R D/ccc////
R D/bc////
R D/OUpper////
R D/OMath////
R D/OLower////
R D/OIDS////
R D/OIDC////
R D/OGrExt////
R D/ODI////
R D/OAlpha////
R D/GrExt////
