A D/alpha////
A D/amd64////
A D/amiga////
A D/arc////
A D/arm32////
A D/armish////
A D/armv7////
A D/atari////
A D/aviion////
A D/beagle////
A D/cats////
A D/common////
A D/crunch////
A D/hp300////
A D/hppa////
A D/i386////
A D/landisk////
A D/loongson////
A D/luna88k////
A D/mac68k////
A D/macppc////
A D/miniroot////
A D/mvme68k////
A D/mvme88k////
A D/mvmeppc////
A D/notes////
A D/octeon////
A D/palm////
A D/pc532////
A D/pegasos////
A D/pmax////
A D/powerpc////
A D/ramdisk////
A D/sets////
A D/sgi////
A D/simpleroot////
A D/socppc////
A D/sparc////
A D/sparc64////
A D/special////
A D/sun3////
A D/utils////
A D/vax////
A D/zaurus////
R D/utils////
R D/sun3////
R D/simpleroot////
R D/powerpc////
R D/pmax////
R D/pegasos////
R D/pc532////
R D/palm////
R D/mvmeppc////
R D/mac68k////
R D/crunch////
R D/cats////
R D/aviion////
R D/atari////
R D/armv7////
R D/arm32////
R D/arc////
R D/amiga////
