A D/barrier////
A D/blocked_close////
A D/blocked_dup2////
A D/blocked_fifo////
A D/blocked_join////
A D/blocked_shutdown////
A D/cancel////
A D/cancel2////
A D/close////
A D/close_race////
A D/closefrom////
A D/cond_signal////
A D/cwd////
A D/dup2_race////
A D/earlysig////
A D/errno////
A D/execve////
A D/fcntl////
A D/fork////
A D/getaddrinfo////
A D/group////
A D/include////
A D/malloc_duel////
A D/netdb////
A D/pause////
A D/pcap////
A D/poll////
A D/preemption////
A D/preemption_float////
A D/process_kill////
A D/pthread_atfork////
A D/pthread_cond_timedwait////
A D/pthread_create////
A D/pthread_join////
A D/pthread_kill////
A D/pthread_mutex////
A D/pthread_rwlock////
A D/pthread_specific////
A D/pw////
A D/readdir////
A D/restart////
A D/select////
A D/semaphore////
A D/setjmp////
A D/setsockopt////
A D/sigdeliver////
A D/siginfo////
A D/siginterrupt////
A D/sigmask////
A D/signal////
A D/signals////
A D/signodefer////
A D/sigsuspend////
A D/sigwait////
A D/sleep////
A D/socket////
A D/spinlock////
A D/stack////
A D/stdarg////
A D/stdfiles////
A D/stdio////
A D/suspend_np1////
A D/switch////
A D/system////
R D/suspend_np1////
R D/cond_signal////
