A D/Attribute-Handlers////
A D/B-Deparse////
A D/B-Lint////
A D/Carp////
A D/Cwd////
A D/Data-Dumper////
A D/Devel-SelfStubber////
A D/Dumpvalue////
A D/Env////
A D/ExtUtils-CBuilder////
A D/ExtUtils-Command////
A D/ExtUtils-Install////
A D/ExtUtils-Manifest////
A D/ExtUtils-ParseXS////
A D/File-CheckTree////
A D/Filter-Simple////
A D/I18N-Collate////
A D/I18N-LangTags////
A D/IO////
A D/Locale-Maketext////
A D/Math-BigInt////
A D/Math-BigInt-FastCalc////
A D/Math-BigRat////
A D/Module-CoreList////
A D/Net-Ping////
A D/Pod-Perldoc////
A D/Pod-Plainer////
A D/Safe////
A D/Search-Dict////
A D/SelfLoader////
A D/Storable////
A D/Switch////
A D/Term-Complete////
A D/Term-ReadLine////
A D/Text-Abbrev////
A D/Thread-Queue////
A D/Thread-Semaphore////
A D/Tie-File////
A D/XSLoader////
A D/autouse////
A D/base////
A D/bignum////
A D/constant////
A D/if////
A D/lib////
A D/threads////
A D/threads-shared////
R D/Switch////
R D/Pod-Plainer////
R D/Pod-Perldoc////
