A D/adosfs////
A D/altq////
A D/arch////
A D/compat////
A D/conf////
A D/crypto////
A D/ddb////
A D/dev////
A D/gnu////
A D/isofs////
A D/kern////
A D/lib////
A D/miscfs////
A D/msdosfs////
A D/net////
A D/net80211////
A D/netatalk////
A D/netbt////
A D/netccitt////
A D/netinet////
A D/netinet6////
A D/netipx////
A D/netiso////
A D/netmpls////
A D/netnatm////
A D/netns////
A D/nfs////
A D/nnpfs////
A D/ntfs////
A D/scsi////
A D/stand////
A D/sys////
A D/tmpfs////
A D/ufs////
A D/uvm////
A D/vm////
A D/xfs////
R D/xfs////
R D/vm////
R D/nnpfs////
R D/netns////
R D/netiso////
R D/netipx////
R D/netccitt////
R D/netatalk////
R D/gnu////
R D/adosfs////
